# JRE version: OpenJDK Runtime Environment Zulu17.42+19-CA (17.0.7+7) (build 17.0.7+7-LTS)
# Java VM: OpenJDK 64-Bit Server VM Zulu17.42+19-CA (17.0.7+7-LTS, mixed mode, sharing, tiered, compressed oops, compressed class ptrs, g1 gc, windows-amd64)
GC Precious Log:
 CPUs: 4 total, 4 available
 Memory: 4000M
 Large Page Support: Disabled
 NUMA Support: Disabled
 Compressed Oops: Enabled (32-bit)
 Heap Region Size: 1M
 Heap Min Capacity: 8M
 Heap Initial Capacity: 64M
 Heap Max Capacity: 1002M
 Pre-touch: Disabled
 Parallel Workers: 4
 Concurrent Workers: 1
 Concurrent Refinement Workers: 4
 Periodic GC: Disabled
Heap:
 garbage-first heap   total 204800K, used 86207K [0x00000000c1600000, 0x0000000100000000)
  region size 1024K, 7 young (7168K), 7 survivors (7168K)
 Metaspace       used 78598K, committed 80064K, reserved 1179648K
  class space    used 9903K, committed 10624K, reserved 1048576K
GC Heap History (20 events):
Event: 334.553 GC heap after
{Heap after GC invocations=74 (full 17):
 garbage-first heap   total 204800K, used 66967K [0x00000000c1600000, 0x0000000100000000)
  region size 1024K, 0 young (0K), 0 survivors (0K)
 Metaspace       used 76726K, committed 78080K, reserved 1179648K
  class space    used 9799K, committed 10496K, reserved 1048576K
}
Event: 348.132 GC heap before
{Heap before GC invocations=74 (full 17):
 garbage-first heap   total 204800K, used 156055K [0x00000000c1600000, 0x0000000100000000)
  region size 1024K, 87 young (89088K), 0 survivors (0K)
 Metaspace       used 77053K, committed 78400K, reserved 1179648K
  class space    used 9817K, committed 10496K, reserved 1048576K
}
Event: 348.148 GC heap after
{Heap after GC invocations=75 (full 17):
 garbage-first heap   total 204800K, used 72954K [0x00000000c1600000, 0x0000000100000000)
  region size 1024K, 6 young (6144K), 6 survivors (6144K)
 Metaspace       used 77053K, committed 78400K, reserved 1179648K
  class space    used 9817K, committed 10496K, reserved 1048576K
}
Event: 348.393 GC heap before
{Heap before GC invocations=75 (full 17):
 garbage-first heap   total 204800K, used 72954K [0x00000000c1600000, 0x0000000100000000)
  region size 1024K, 7 young (7168K), 6 survivors (6144K)
 Metaspace       used 77054K, committed 78400K, reserved 1179648K
  class space    used 9817K, committed 10496K, reserved 1048576K
}
Event: 348.571 GC heap after
{Heap after GC invocations=76 (full 18):
 garbage-first heap   total 204800K, used 69517K [0x00000000c1600000, 0x0000000100000000)
  region size 1024K, 0 young (0K), 0 survivors (0K)
 Metaspace       used 77054K, committed 78400K, reserved 1179648K
  class space    used 9817K, committed 10496K, reserved 1048576K
}
Event: 354.697 GC heap before
{Heap before GC invocations=76 (full 18):
 garbage-first heap   total 204800K, used 158605K [0x00000000c1600000, 0x0000000100000000)
  region size 1024K, 87 young (89088K), 0 survivors (0K)
 Metaspace       used 77349K, committed 78784K, reserved 1179648K
  class space    used 9834K, committed 10560K, reserved 1048576K
}
Event: 354.708 GC heap after
{Heap after GC invocations=77 (full 18):
 garbage-first heap   total 204800K, used 74637K [0x00000000c1600000, 0x0000000100000000)
  region size 1024K, 5 young (5120K), 5 survivors (5120K)
 Metaspace       used 77349K, committed 78784K, reserved 1179648K
  class space    used 9834K, committed 10560K, reserved 1048576K
}
Event: 354.712 GC heap before
{Heap before GC invocations=77 (full 18):
 garbage-first heap   total 204800K, used 74637K [0x00000000c1600000, 0x0000000100000000)
  region size 1024K, 6 young (6144K), 5 survivors (5120K)
 Metaspace       used 77349K, committed 78784K, reserved 1179648K
  class space    used 9834K, committed 10560K, reserved 1048576K
}
Event: 354.903 GC heap after
{Heap after GC invocations=78 (full 19):
 garbage-first heap   total 204800K, used 72058K [0x00000000c1600000, 0x0000000100000000)
  region size 1024K, 0 young (0K), 0 survivors (0K)
 Metaspace       used 77349K, committed 78784K, reserved 1179648K
  class space    used 9834K, committed 10560K, reserved 1048576K
}
Event: 359.142 GC heap before
{Heap before GC invocations=78 (full 19):
 garbage-first heap   total 204800K, used 162170K [0x00000000c1600000, 0x0000000100000000)
  region size 1024K, 88 young (90112K), 0 survivors (0K)
 Metaspace       used 77679K, committed 79104K, reserved 1179648K
  class space    used 9851K, committed 10560K, reserved 1048576K
}
Event: 359.154 GC heap after
{Heap after GC invocations=79 (full 19):
 garbage-first heap   total 204800K, used 78081K [0x00000000c1600000, 0x0000000100000000)
  region size 1024K, 6 young (6144K), 6 survivors (6144K)
 Metaspace       used 77679K, committed 79104K, reserved 1179648K
  class space    used 9851K, committed 10560K, reserved 1048576K
}
Event: 360.272 GC heap before
{Heap before GC invocations=79 (full 19):
 garbage-first heap   total 204800K, used 81153K [0x00000000c1600000, 0x0000000100000000)
  region size 1024K, 10 young (10240K), 6 survivors (6144K)
 Metaspace       used 77693K, committed 79104K, reserved 1179648K
  class space    used 9852K, committed 10560K, reserved 1048576K
}
Event: 360.465 GC heap after
{Heap after GC invocations=80 (full 20):
 garbage-first heap   total 204800K, used 74579K [0x00000000c1600000, 0x0000000100000000)
  region size 1024K, 0 young (0K), 0 survivors (0K)
 Metaspace       used 77693K, committed 79104K, reserved 1179648K
  class space    used 9852K, committed 10560K, reserved 1048576K
}
Event: 368.123 GC heap before
{Heap before GC invocations=80 (full 20):
 garbage-first heap   total 204800K, used 161619K [0x00000000c1600000, 0x0000000100000000)
  region size 1024K, 86 young (88064K), 0 survivors (0K)
 Metaspace       used 77971K, committed 79424K, reserved 1179648K
  class space    used 9868K, committed 10624K, reserved 1048576K
}
Event: 368.341 GC heap after
{Heap after GC invocations=81 (full 21):
 garbage-first heap   total 204800K, used 77102K [0x00000000c1600000, 0x0000000100000000)
  region size 1024K, 0 young (0K), 0 survivors (0K)
 Metaspace       used 77971K, committed 79424K, reserved 1179648K
  class space    used 9868K, committed 10624K, reserved 1048576K
}
Event: 375.260 GC heap before
{Heap before GC invocations=81 (full 21):
 garbage-first heap   total 204800K, used 164142K [0x00000000c1600000, 0x0000000100000000)
  region size 1024K, 86 young (88064K), 0 survivors (0K)
 Metaspace       used 78311K, committed 79744K, reserved 1179648K
  class space    used 9886K, committed 10624K, reserved 1048576K
}
Event: 375.273 GC heap after
{Heap after GC invocations=82 (full 21):
 garbage-first heap   total 204800K, used 82222K [0x00000000c1600000, 0x0000000100000000)
  region size 1024K, 5 young (5120K), 5 survivors (5120K)
 Metaspace       used 78311K, committed 79744K, reserved 1179648K
  class space    used 9886K, committed 10624K, reserved 1048576K
}
Event: 375.281 GC heap before
{Heap before GC invocations=82 (full 21):
 garbage-first heap   total 204800K, used 82222K [0x00000000c1600000, 0x0000000100000000)
  region size 1024K, 6 young (6144K), 5 survivors (5120K)
 Metaspace       used 78311K, committed 79744K, reserved 1179648K
  class space    used 9886K, committed 10624K, reserved 1048576K
}
Event: 375.491 GC heap after
{Heap after GC invocations=83 (full 22):
 garbage-first heap   total 204800K, used 79628K [0x00000000c1600000, 0x0000000100000000)
  region size 1024K, 0 young (0K), 0 survivors (0K)
 Metaspace       used 78311K, committed 79744K, reserved 1179648K
  class space    used 9886K, committed 10624K, reserved 1048576K
}
Event: 378.058 GC heap before
{Heap before GC invocations=83 (full 22):
 garbage-first heap   total 204800K, used 165644K [0x00000000c1600000, 0x0000000100000000)
  region size 1024K, 84 young (86016K), 0 survivors (0K)
 Metaspace       used 78598K, committed 80064K, reserved 1179648K
  class space    used 9903K, committed 10624K, reserved 1048576K
}

