# JRE version: OpenJDK Runtime Environment Temurin-17.0.8.1+1 (17.0.8.1+1) (build 17.0.8.1+1)
# Java VM: OpenJDK 64-Bit Server VM Temurin-17.0.8.1+1 (17.0.8.1+1, mixed mode, emulated-client, tiered, compressed oops, compressed class ptrs, g1 gc, windows-amd64)
GC Precious Log:
 CPUs: 4 total, 4 available
 Memory: 4000M
 Large Page Support: Disabled
 NUMA Support: Disabled
 Compressed Oops: Enabled (32-bit)
 Heap Region Size: 1M
 Heap Min Capacity: 8M
 Heap Initial Capacity: 64M
 Heap Max Capacity: 1G
 Pre-touch: Disabled
 Parallel Workers: 4
 Concurrent Workers: 1
 Concurrent Refinement Workers: 4
 Periodic GC: Disabled
Heap:
 garbage-first heap   total 79872K, used 29087K [0x00000000c0000000, 0x0000000100000000)
  region size 1024K, 1 young (1024K), 0 survivors (0K)
 Metaspace       used 55348K, committed 56000K, reserved 1114112K
  class space    used 7027K, committed 7296K, reserved 1048576K
GC Heap History (20 events):
Event: 2966.515 GC heap before
{Heap before GC invocations=292 (full 274):
 garbage-first heap   total 79872K, used 29058K [0x00000000c0000000, 0x0000000100000000)
  region size 1024K, 1 young (1024K), 0 survivors (0K)
 Metaspace       used 55315K, committed 56000K, reserved 1114112K
  class space    used 7017K, committed 7296K, reserved 1048576K
}
Event: 2966.566 GC heap after
{Heap after GC invocations=293 (full 275):
 garbage-first heap   total 79872K, used 29058K [0x00000000c0000000, 0x0000000100000000)
  region size 1024K, 0 young (0K), 0 survivors (0K)
 Metaspace       used 55315K, committed 56000K, reserved 1114112K
  class space    used 7017K, committed 7296K, reserved 1048576K
}
Event: 2976.778 GC heap before
{Heap before GC invocations=293 (full 275):
 garbage-first heap   total 79872K, used 29058K [0x00000000c0000000, 0x0000000100000000)
  region size 1024K, 1 young (1024K), 0 survivors (0K)
 Metaspace       used 55315K, committed 56000K, reserved 1114112K
  class space    used 7017K, committed 7296K, reserved 1048576K
}
Event: 2976.828 GC heap after
{Heap after GC invocations=294 (full 276):
 garbage-first heap   total 79872K, used 29058K [0x00000000c0000000, 0x0000000100000000)
  region size 1024K, 0 young (0K), 0 survivors (0K)
 Metaspace       used 55315K, committed 56000K, reserved 1114112K
  class space    used 7017K, committed 7296K, reserved 1048576K
}
Event: 2987.054 GC heap before
{Heap before GC invocations=294 (full 276):
 garbage-first heap   total 79872K, used 29058K [0x00000000c0000000, 0x0000000100000000)
  region size 1024K, 1 young (1024K), 0 survivors (0K)
 Metaspace       used 55315K, committed 56000K, reserved 1114112K
  class space    used 7017K, committed 7296K, reserved 1048576K
}
Event: 2987.128 GC heap after
{Heap after GC invocations=295 (full 277):
 garbage-first heap   total 79872K, used 29058K [0x00000000c0000000, 0x0000000100000000)
  region size 1024K, 0 young (0K), 0 survivors (0K)
 Metaspace       used 55315K, committed 56000K, reserved 1114112K
  class space    used 7017K, committed 7296K, reserved 1048576K
}
Event: 2997.413 GC heap before
{Heap before GC invocations=295 (full 277):
 garbage-first heap   total 79872K, used 29058K [0x00000000c0000000, 0x0000000100000000)
  region size 1024K, 1 young (1024K), 0 survivors (0K)
 Metaspace       used 55315K, committed 56000K, reserved 1114112K
  class space    used 7017K, committed 7296K, reserved 1048576K
}
Event: 2997.497 GC heap after
{Heap after GC invocations=296 (full 278):
 garbage-first heap   total 79872K, used 29058K [0x00000000c0000000, 0x0000000100000000)
  region size 1024K, 0 young (0K), 0 survivors (0K)
 Metaspace       used 55315K, committed 56000K, reserved 1114112K
  class space    used 7017K, committed 7296K, reserved 1048576K
}
Event: 3037.777 GC heap before
{Heap before GC invocations=296 (full 278):
 garbage-first heap   total 79872K, used 34178K [0x00000000c0000000, 0x0000000100000000)
  region size 1024K, 6 young (6144K), 0 survivors (0K)
 Metaspace       used 55348K, committed 56000K, reserved 1114112K
  class space    used 7027K, committed 7296K, reserved 1048576K
}
Event: 3037.844 GC heap after
{Heap after GC invocations=297 (full 279):
 garbage-first heap   total 79872K, used 29897K [0x00000000c0000000, 0x0000000100000000)
  region size 1024K, 0 young (0K), 0 survivors (0K)
 Metaspace       used 55348K, committed 56000K, reserved 1114112K
  class space    used 7027K, committed 7296K, reserved 1048576K
}
Event: 3048.098 GC heap before
{Heap before GC invocations=297 (full 279):
 garbage-first heap   total 79872K, used 29897K [0x00000000c0000000, 0x0000000100000000)
  region size 1024K, 1 young (1024K), 0 survivors (0K)
 Metaspace       used 55348K, committed 56000K, reserved 1114112K
  class space    used 7027K, committed 7296K, reserved 1048576K
}
Event: 3048.164 GC heap after
{Heap after GC invocations=298 (full 280):
 garbage-first heap   total 79872K, used 29897K [0x00000000c0000000, 0x0000000100000000)
  region size 1024K, 0 young (0K), 0 survivors (0K)
 Metaspace       used 55348K, committed 56000K, reserved 1114112K
  class space    used 7027K, committed 7296K, reserved 1048576K
}
Event: 3058.377 GC heap before
{Heap before GC invocations=298 (full 280):
 garbage-first heap   total 79872K, used 29897K [0x00000000c0000000, 0x0000000100000000)
  region size 1024K, 1 young (1024K), 0 survivors (0K)
 Metaspace       used 55348K, committed 56000K, reserved 1114112K
  class space    used 7027K, committed 7296K, reserved 1048576K
}
Event: 3058.434 GC heap after
{Heap after GC invocations=299 (full 281):
 garbage-first heap   total 79872K, used 29087K [0x00000000c0000000, 0x0000000100000000)
  region size 1024K, 0 young (0K), 0 survivors (0K)
 Metaspace       used 55348K, committed 56000K, reserved 1114112K
  class space    used 7027K, committed 7296K, reserved 1048576K
}
Event: 3068.907 GC heap before
{Heap before GC invocations=299 (full 281):
 garbage-first heap   total 79872K, used 29087K [0x00000000c0000000, 0x0000000100000000)
  region size 1024K, 1 young (1024K), 0 survivors (0K)
 Metaspace       used 55348K, committed 56000K, reserved 1114112K
  class space    used 7027K, committed 7296K, reserved 1048576K
}
Event: 3068.973 GC heap after
{Heap after GC invocations=300 (full 282):
 garbage-first heap   total 79872K, used 29087K [0x00000000c0000000, 0x0000000100000000)
  region size 1024K, 0 young (0K), 0 survivors (0K)
 Metaspace       used 55348K, committed 56000K, reserved 1114112K
  class space    used 7027K, committed 7296K, reserved 1048576K
}
Event: 3079.213 GC heap before
{Heap before GC invocations=300 (full 282):
 garbage-first heap   total 79872K, used 29087K [0x00000000c0000000, 0x0000000100000000)
  region size 1024K, 1 young (1024K), 0 survivors (0K)
 Metaspace       used 55348K, committed 56000K, reserved 1114112K
  class space    used 7027K, committed 7296K, reserved 1048576K
}
Event: 3079.286 GC heap after
{Heap after GC invocations=301 (full 283):
 garbage-first heap   total 79872K, used 29087K [0x00000000c0000000, 0x0000000100000000)
  region size 1024K, 0 young (0K), 0 survivors (0K)
 Metaspace       used 55348K, committed 56000K, reserved 1114112K
  class space    used 7027K, committed 7296K, reserved 1048576K
}
Event: 3089.541 GC heap before
{Heap before GC invocations=301 (full 283):
 garbage-first heap   total 79872K, used 29087K [0x00000000c0000000, 0x0000000100000000)
  region size 1024K, 1 young (1024K), 0 survivors (0K)
 Metaspace       used 55348K, committed 56000K, reserved 1114112K
  class space    used 7027K, committed 7296K, reserved 1048576K
}
Event: 3089.595 GC heap after
{Heap after GC invocations=302 (full 284):
 garbage-first heap   total 79872K, used 29087K [0x00000000c0000000, 0x0000000100000000)
  region size 1024K, 0 young (0K), 0 survivors (0K)
 Metaspace       used 55348K, committed 56000K, reserved 1114112K
  class space    used 7027K, committed 7296K, reserved 1048576K
}

