# JRE version: OpenJDK Runtime Environment Zulu17.42+19-CA (17.0.7+7) (build 17.0.7+7-LTS)
# Java VM: OpenJDK 64-Bit Server VM Zulu17.42+19-CA (17.0.7+7-LTS, mixed mode, sharing, tiered, compressed oops, compressed class ptrs, g1 gc, windows-amd64)
GC Precious Log:
 CPUs: 4 total, 4 available
 Memory: 4000M
 Large Page Support: Disabled
 NUMA Support: Disabled
 Compressed Oops: Enabled (32-bit)
 Heap Region Size: 1M
 Heap Min Capacity: 8M
 Heap Initial Capacity: 64M
 Heap Max Capacity: 1002M
 Pre-touch: Disabled
 Parallel Workers: 4
 Concurrent Workers: 1
 Concurrent Refinement Workers: 4
 Periodic GC: Disabled
Heap:
 garbage-first heap   total 81920K, used 43856K [0x00000000c1600000, 0x0000000100000000)
  region size 1024K, 18 young (18432K), 2 survivors (2048K)
 Metaspace       used 64632K, committed 65216K, reserved 1114112K
  class space    used 8768K, committed 9088K, reserved 1048576K
GC Heap History (20 events):
Event: 17.276 GC heap before
{Heap before GC invocations=15 (full 0):
 garbage-first heap   total 48128K, used 37942K [0x00000000c1600000, 0x0000000100000000)
  region size 1024K, 17 young (17408K), 1 survivors (1024K)
 Metaspace       used 42907K, committed 43392K, reserved 1114112K
  class space    used 5496K, committed 5696K, reserved 1048576K
}
Event: 17.283 GC heap after
{Heap after GC invocations=16 (full 0):
 garbage-first heap   total 48128K, used 22314K [0x00000000c1600000, 0x0000000100000000)
  region size 1024K, 2 young (2048K), 2 survivors (2048K)
 Metaspace       used 42907K, committed 43392K, reserved 1114112K
  class space    used 5496K, committed 5696K, reserved 1048576K
}
Event: 18.001 GC heap before
{Heap before GC invocations=16 (full 0):
 garbage-first heap   total 48128K, used 37674K [0x00000000c1600000, 0x0000000100000000)
  region size 1024K, 17 young (17408K), 2 survivors (2048K)
 Metaspace       used 46228K, committed 46784K, reserved 1114112K
  class space    used 6002K, committed 6272K, reserved 1048576K
}
Event: 18.009 GC heap after
{Heap after GC invocations=17 (full 0):
 garbage-first heap   total 48128K, used 23259K [0x00000000c1600000, 0x0000000100000000)
  region size 1024K, 2 young (2048K), 2 survivors (2048K)
 Metaspace       used 46228K, committed 46784K, reserved 1114112K
  class space    used 6002K, committed 6272K, reserved 1048576K
}
Event: 18.887 GC heap before
{Heap before GC invocations=17 (full 0):
 garbage-first heap   total 48128K, used 36571K [0x00000000c1600000, 0x0000000100000000)
  region size 1024K, 16 young (16384K), 2 survivors (2048K)
 Metaspace       used 50794K, committed 51264K, reserved 1114112K
  class space    used 6678K, committed 6912K, reserved 1048576K
}
Event: 18.895 GC heap after
{Heap after GC invocations=18 (full 0):
 garbage-first heap   total 48128K, used 23932K [0x00000000c1600000, 0x0000000100000000)
  region size 1024K, 2 young (2048K), 2 survivors (2048K)
 Metaspace       used 50794K, committed 51264K, reserved 1114112K
  class space    used 6678K, committed 6912K, reserved 1048576K
}
Event: 19.639 GC heap before
{Heap before GC invocations=19 (full 0):
 garbage-first heap   total 48128K, used 37244K [0x00000000c1600000, 0x0000000100000000)
  region size 1024K, 16 young (16384K), 2 survivors (2048K)
 Metaspace       used 53673K, committed 54208K, reserved 1114112K
  class space    used 7221K, committed 7488K, reserved 1048576K
}
Event: 19.644 GC heap after
{Heap after GC invocations=20 (full 0):
 garbage-first heap   total 48128K, used 24363K [0x00000000c1600000, 0x0000000100000000)
  region size 1024K, 2 young (2048K), 2 survivors (2048K)
 Metaspace       used 53673K, committed 54208K, reserved 1114112K
  class space    used 7221K, committed 7488K, reserved 1048576K
}
Event: 20.388 GC heap before
{Heap before GC invocations=20 (full 0):
 garbage-first heap   total 48128K, used 38699K [0x00000000c1600000, 0x0000000100000000)
  region size 1024K, 16 young (16384K), 2 survivors (2048K)
 Metaspace       used 56679K, committed 57216K, reserved 1114112K
  class space    used 7608K, committed 7872K, reserved 1048576K
}
Event: 20.395 GC heap after
{Heap after GC invocations=21 (full 0):
 garbage-first heap   total 48128K, used 25440K [0x00000000c1600000, 0x0000000100000000)
  region size 1024K, 2 young (2048K), 2 survivors (2048K)
 Metaspace       used 56679K, committed 57216K, reserved 1114112K
  class space    used 7608K, committed 7872K, reserved 1048576K
}
Event: 20.988 GC heap before
{Heap before GC invocations=22 (full 0):
 garbage-first heap   total 50176K, used 38752K [0x00000000c1600000, 0x0000000100000000)
  region size 1024K, 15 young (15360K), 2 survivors (2048K)
 Metaspace       used 58154K, committed 58624K, reserved 1114112K
  class space    used 7827K, committed 8064K, reserved 1048576K
}
Event: 20.995 GC heap after
{Heap after GC invocations=23 (full 0):
 garbage-first heap   total 50176K, used 26146K [0x00000000c1600000, 0x0000000100000000)
  region size 1024K, 1 young (1024K), 1 survivors (1024K)
 Metaspace       used 58154K, committed 58624K, reserved 1114112K
  class space    used 7827K, committed 8064K, reserved 1048576K
}
Event: 21.531 GC heap before
{Heap before GC invocations=23 (full 0):
 garbage-first heap   total 50176K, used 40482K [0x00000000c1600000, 0x0000000100000000)
  region size 1024K, 15 young (15360K), 1 survivors (1024K)
 Metaspace       used 59347K, committed 59904K, reserved 1114112K
  class space    used 7998K, committed 8256K, reserved 1048576K
}
Event: 21.538 GC heap after
{Heap after GC invocations=24 (full 0):
 garbage-first heap   total 50176K, used 27157K [0x00000000c1600000, 0x0000000100000000)
  region size 1024K, 2 young (2048K), 2 survivors (2048K)
 Metaspace       used 59347K, committed 59904K, reserved 1114112K
  class space    used 7998K, committed 8256K, reserved 1048576K
}
Event: 22.057 GC heap before
{Heap before GC invocations=25 (full 0):
 garbage-first heap   total 55296K, used 38421K [0x00000000c1600000, 0x0000000100000000)
  region size 1024K, 14 young (14336K), 2 survivors (2048K)
 Metaspace       used 60777K, committed 61248K, reserved 1114112K
  class space    used 8200K, committed 8448K, reserved 1048576K
}
Event: 22.069 GC heap after
{Heap after GC invocations=26 (full 0):
 garbage-first heap   total 55296K, used 28416K [0x00000000c1600000, 0x0000000100000000)
  region size 1024K, 2 young (2048K), 2 survivors (2048K)
 Metaspace       used 60777K, committed 61248K, reserved 1114112K
  class space    used 8200K, committed 8448K, reserved 1048576K
}
Event: 22.116 GC heap before
{Heap before GC invocations=26 (full 0):
 garbage-first heap   total 55296K, used 29440K [0x00000000c1600000, 0x0000000100000000)
  region size 1024K, 3 young (3072K), 2 survivors (2048K)
 Metaspace       used 60876K, committed 61376K, reserved 1114112K
  class space    used 8215K, committed 8448K, reserved 1048576K
}
Event: 22.123 GC heap after
{Heap after GC invocations=27 (full 0):
 garbage-first heap   total 55296K, used 28224K [0x00000000c1600000, 0x0000000100000000)
  region size 1024K, 1 young (1024K), 1 survivors (1024K)
 Metaspace       used 60876K, committed 61376K, reserved 1114112K
  class space    used 8215K, committed 8448K, reserved 1048576K
}
Event: 22.952 GC heap before
{Heap before GC invocations=27 (full 0):
 garbage-first heap   total 55296K, used 43584K [0x00000000c1600000, 0x0000000100000000)
  region size 1024K, 16 young (16384K), 1 survivors (1024K)
 Metaspace       used 62298K, committed 62784K, reserved 1114112K
  class space    used 8426K, committed 8640K, reserved 1048576K
}
Event: 22.962 GC heap after
{Heap after GC invocations=28 (full 0):
 garbage-first heap   total 81920K, used 29520K [0x00000000c1600000, 0x0000000100000000)
  region size 1024K, 2 young (2048K), 2 survivors (2048K)
 Metaspace       used 62298K, committed 62784K, reserved 1114112K
  class space    used 8426K, committed 8640K, reserved 1048576K
}

