# JRE version: OpenJDK Runtime Environment Temurin-17.0.8.1+1 (17.0.8.1+1) (build 17.0.8.1+1)
# Java VM: OpenJDK 64-Bit Server VM Temurin-17.0.8.1+1 (17.0.8.1+1, mixed mode, emulated-client, tiered, compressed oops, compressed class ptrs, g1 gc, windows-amd64)
GC Precious Log:
 CPUs: 4 total, 4 available
 Memory: 4000M
 Large Page Support: Disabled
 NUMA Support: Disabled
 Compressed Oops: Enabled (32-bit)
 Heap Region Size: 1M
 Heap Min Capacity: 8M
 Heap Initial Capacity: 64M
 Heap Max Capacity: 1G
 Pre-touch: Disabled
 Parallel Workers: 4
 Concurrent Workers: 1
 Concurrent Refinement Workers: 4
 Periodic GC: Disabled
Heap:
 garbage-first heap   total 81920K, used 27054K [0x00000000c0000000, 0x0000000100000000)
  region size 1024K, 1 young (1024K), 0 survivors (0K)
 Metaspace       used 55707K, committed 56320K, reserved 1114112K
  class space    used 7116K, committed 7360K, reserved 1048576K
GC Heap History (20 events):
Event: 1248.469 GC heap before
{Heap before GC invocations=129 (full 95):
 garbage-first heap   total 81920K, used 27051K [0x00000000c0000000, 0x0000000100000000)
  region size 1024K, 1 young (1024K), 0 survivors (0K)
 Metaspace       used 55707K, committed 56320K, reserved 1114112K
  class space    used 7116K, committed 7360K, reserved 1048576K
}
Event: 1248.532 GC heap after
{Heap after GC invocations=130 (full 96):
 garbage-first heap   total 81920K, used 27051K [0x00000000c0000000, 0x0000000100000000)
  region size 1024K, 0 young (0K), 0 survivors (0K)
 Metaspace       used 55707K, committed 56320K, reserved 1114112K
  class space    used 7116K, committed 7360K, reserved 1048576K
}
Event: 1258.734 GC heap before
{Heap before GC invocations=130 (full 96):
 garbage-first heap   total 81920K, used 27051K [0x00000000c0000000, 0x0000000100000000)
  region size 1024K, 1 young (1024K), 0 survivors (0K)
 Metaspace       used 55707K, committed 56320K, reserved 1114112K
  class space    used 7116K, committed 7360K, reserved 1048576K
}
Event: 1258.800 GC heap after
{Heap after GC invocations=131 (full 97):
 garbage-first heap   total 81920K, used 27051K [0x00000000c0000000, 0x0000000100000000)
  region size 1024K, 0 young (0K), 0 survivors (0K)
 Metaspace       used 55707K, committed 56320K, reserved 1114112K
  class space    used 7116K, committed 7360K, reserved 1048576K
}
Event: 1268.997 GC heap before
{Heap before GC invocations=131 (full 97):
 garbage-first heap   total 81920K, used 27051K [0x00000000c0000000, 0x0000000100000000)
  region size 1024K, 1 young (1024K), 0 survivors (0K)
 Metaspace       used 55707K, committed 56320K, reserved 1114112K
  class space    used 7116K, committed 7360K, reserved 1048576K
}
Event: 1269.061 GC heap after
{Heap after GC invocations=132 (full 98):
 garbage-first heap   total 81920K, used 27051K [0x00000000c0000000, 0x0000000100000000)
  region size 1024K, 0 young (0K), 0 survivors (0K)
 Metaspace       used 55707K, committed 56320K, reserved 1114112K
  class space    used 7116K, committed 7360K, reserved 1048576K
}
Event: 1279.299 GC heap before
{Heap before GC invocations=132 (full 98):
 garbage-first heap   total 81920K, used 27051K [0x00000000c0000000, 0x0000000100000000)
  region size 1024K, 1 young (1024K), 0 survivors (0K)
 Metaspace       used 55707K, committed 56320K, reserved 1114112K
  class space    used 7116K, committed 7360K, reserved 1048576K
}
Event: 1279.377 GC heap after
{Heap after GC invocations=133 (full 99):
 garbage-first heap   total 81920K, used 27051K [0x00000000c0000000, 0x0000000100000000)
  region size 1024K, 0 young (0K), 0 survivors (0K)
 Metaspace       used 55707K, committed 56320K, reserved 1114112K
  class space    used 7116K, committed 7360K, reserved 1048576K
}
Event: 1289.581 GC heap before
{Heap before GC invocations=133 (full 99):
 garbage-first heap   total 81920K, used 27051K [0x00000000c0000000, 0x0000000100000000)
  region size 1024K, 1 young (1024K), 0 survivors (0K)
 Metaspace       used 55707K, committed 56320K, reserved 1114112K
  class space    used 7116K, committed 7360K, reserved 1048576K
}
Event: 1289.644 GC heap after
{Heap after GC invocations=134 (full 100):
 garbage-first heap   total 81920K, used 27051K [0x00000000c0000000, 0x0000000100000000)
  region size 1024K, 0 young (0K), 0 survivors (0K)
 Metaspace       used 55707K, committed 56320K, reserved 1114112K
  class space    used 7116K, committed 7360K, reserved 1048576K
}
Event: 1299.847 GC heap before
{Heap before GC invocations=134 (full 100):
 garbage-first heap   total 81920K, used 27051K [0x00000000c0000000, 0x0000000100000000)
  region size 1024K, 1 young (1024K), 0 survivors (0K)
 Metaspace       used 55707K, committed 56320K, reserved 1114112K
  class space    used 7116K, committed 7360K, reserved 1048576K
}
Event: 1299.915 GC heap after
{Heap after GC invocations=135 (full 101):
 garbage-first heap   total 81920K, used 27051K [0x00000000c0000000, 0x0000000100000000)
  region size 1024K, 0 young (0K), 0 survivors (0K)
 Metaspace       used 55707K, committed 56320K, reserved 1114112K
  class space    used 7116K, committed 7360K, reserved 1048576K
}
Event: 1310.111 GC heap before
{Heap before GC invocations=135 (full 101):
 garbage-first heap   total 81920K, used 27051K [0x00000000c0000000, 0x0000000100000000)
  region size 1024K, 1 young (1024K), 0 survivors (0K)
 Metaspace       used 55707K, committed 56320K, reserved 1114112K
  class space    used 7116K, committed 7360K, reserved 1048576K
}
Event: 1310.178 GC heap after
{Heap after GC invocations=136 (full 102):
 garbage-first heap   total 81920K, used 27051K [0x00000000c0000000, 0x0000000100000000)
  region size 1024K, 0 young (0K), 0 survivors (0K)
 Metaspace       used 55707K, committed 56320K, reserved 1114112K
  class space    used 7116K, committed 7360K, reserved 1048576K
}
Event: 1320.390 GC heap before
{Heap before GC invocations=136 (full 102):
 garbage-first heap   total 81920K, used 27051K [0x00000000c0000000, 0x0000000100000000)
  region size 1024K, 1 young (1024K), 0 survivors (0K)
 Metaspace       used 55707K, committed 56320K, reserved 1114112K
  class space    used 7116K, committed 7360K, reserved 1048576K
}
Event: 1320.454 GC heap after
{Heap after GC invocations=137 (full 103):
 garbage-first heap   total 81920K, used 27051K [0x00000000c0000000, 0x0000000100000000)
  region size 1024K, 0 young (0K), 0 survivors (0K)
 Metaspace       used 55707K, committed 56320K, reserved 1114112K
  class space    used 7116K, committed 7360K, reserved 1048576K
}
Event: 1360.682 GC heap before
{Heap before GC invocations=137 (full 103):
 garbage-first heap   total 81920K, used 28075K [0x00000000c0000000, 0x0000000100000000)
  region size 1024K, 2 young (2048K), 0 survivors (0K)
 Metaspace       used 55707K, committed 56320K, reserved 1114112K
  class space    used 7116K, committed 7360K, reserved 1048576K
}
Event: 1360.747 GC heap after
{Heap after GC invocations=138 (full 104):
 garbage-first heap   total 81920K, used 27046K [0x00000000c0000000, 0x0000000100000000)
  region size 1024K, 0 young (0K), 0 survivors (0K)
 Metaspace       used 55707K, committed 56320K, reserved 1114112K
  class space    used 7116K, committed 7360K, reserved 1048576K
}
Event: 1371.002 GC heap before
{Heap before GC invocations=138 (full 104):
 garbage-first heap   total 81920K, used 27046K [0x00000000c0000000, 0x0000000100000000)
  region size 1024K, 1 young (1024K), 0 survivors (0K)
 Metaspace       used 55707K, committed 56320K, reserved 1114112K
  class space    used 7116K, committed 7360K, reserved 1048576K
}
Event: 1371.103 GC heap after
{Heap after GC invocations=139 (full 105):
 garbage-first heap   total 81920K, used 27054K [0x00000000c0000000, 0x0000000100000000)
  region size 1024K, 0 young (0K), 0 survivors (0K)
 Metaspace       used 55707K, committed 56320K, reserved 1114112K
  class space    used 7116K, committed 7360K, reserved 1048576K
}

