# JRE version: OpenJDK Runtime Environment Temurin-17.0.8.1+1 (17.0.8.1+1) (build 17.0.8.1+1)
# Java VM: OpenJDK 64-Bit Server VM Temurin-17.0.8.1+1 (17.0.8.1+1, mixed mode, emulated-client, tiered, compressed oops, compressed class ptrs, g1 gc, windows-amd64)
GC Precious Log:
 CPUs: 4 total, 4 available
 Memory: 4000M
 Large Page Support: Disabled
 NUMA Support: Disabled
 Compressed Oops: Enabled (32-bit)
 Heap Region Size: 1M
 Heap Min Capacity: 8M
 Heap Initial Capacity: 64M
 Heap Max Capacity: 1G
 Pre-touch: Disabled
 Parallel Workers: 4
 Concurrent Workers: 1
 Concurrent Refinement Workers: 4
 Periodic GC: Disabled
Heap:
 garbage-first heap   total 58368K, used 21883K [0x00000000c0000000, 0x0000000100000000)
  region size 1024K, 2 young (2048K), 2 survivors (2048K)
 Metaspace       used 35902K, committed 36288K, reserved 1114112K
  class space    used 4657K, committed 4864K, reserved 1048576K
GC Heap History (17 events):
Event: 2.036 GC heap before
{Heap before GC invocations=0 (full 0):
 garbage-first heap   total 65536K, used 12288K [0x00000000c0000000, 0x0000000100000000)
  region size 1024K, 13 young (13312K), 0 survivors (0K)
 Metaspace       used 5938K, committed 6144K, reserved 1114112K
  class space    used 579K, committed 704K, reserved 1048576K
}
Event: 2.051 GC heap after
{Heap after GC invocations=1 (full 0):
 garbage-first heap   total 65536K, used 8352K [0x00000000c0000000, 0x0000000100000000)
  region size 1024K, 2 young (2048K), 2 survivors (2048K)
 Metaspace       used 5938K, committed 6144K, reserved 1114112K
  class space    used 579K, committed 704K, reserved 1048576K
}
Event: 2.945 GC heap before
{Heap before GC invocations=1 (full 0):
 garbage-first heap   total 65536K, used 17568K [0x00000000c0000000, 0x0000000100000000)
  region size 1024K, 11 young (11264K), 2 survivors (2048K)
 Metaspace       used 8579K, committed 8768K, reserved 1114112K
  class space    used 984K, committed 1088K, reserved 1048576K
}
Event: 2.952 GC heap after
{Heap after GC invocations=2 (full 0):
 garbage-first heap   total 65536K, used 9269K [0x00000000c0000000, 0x0000000100000000)
  region size 1024K, 1 young (1024K), 1 survivors (1024K)
 Metaspace       used 8579K, committed 8768K, reserved 1114112K
  class space    used 984K, committed 1088K, reserved 1048576K
}
Event: 3.702 GC heap before
{Heap before GC invocations=2 (full 0):
 garbage-first heap   total 65536K, used 26677K [0x00000000c0000000, 0x0000000100000000)
  region size 1024K, 18 young (18432K), 1 survivors (1024K)
 Metaspace       used 13587K, committed 13760K, reserved 1114112K
  class space    used 1684K, committed 1792K, reserved 1048576K
}
Event: 3.710 GC heap after
{Heap after GC invocations=3 (full 0):
 garbage-first heap   total 65536K, used 10641K [0x00000000c0000000, 0x0000000100000000)
  region size 1024K, 3 young (3072K), 3 survivors (3072K)
 Metaspace       used 13587K, committed 13760K, reserved 1114112K
  class space    used 1684K, committed 1792K, reserved 1048576K
}
Event: 4.805 GC heap before
{Heap before GC invocations=3 (full 0):
 garbage-first heap   total 65536K, used 35217K [0x00000000c0000000, 0x0000000100000000)
  region size 1024K, 28 young (28672K), 3 survivors (3072K)
 Metaspace       used 19490K, committed 19712K, reserved 1114112K
  class space    used 2422K, committed 2496K, reserved 1048576K
}
Event: 4.815 GC heap after
{Heap after GC invocations=4 (full 0):
 garbage-first heap   total 65536K, used 12875K [0x00000000c0000000, 0x0000000100000000)
  region size 1024K, 4 young (4096K), 4 survivors (4096K)
 Metaspace       used 19490K, committed 19712K, reserved 1114112K
  class space    used 2422K, committed 2496K, reserved 1048576K
}
Event: 5.020 GC heap before
{Heap before GC invocations=4 (full 0):
 garbage-first heap   total 65536K, used 19019K [0x00000000c0000000, 0x0000000100000000)
  region size 1024K, 11 young (11264K), 4 survivors (4096K)
 Metaspace       used 21366K, committed 21504K, reserved 1114112K
  class space    used 2635K, committed 2688K, reserved 1048576K
}
Event: 5.030 GC heap after
{Heap after GC invocations=5 (full 0):
 garbage-first heap   total 65536K, used 14071K [0x00000000c0000000, 0x0000000100000000)
  region size 1024K, 2 young (2048K), 2 survivors (2048K)
 Metaspace       used 21366K, committed 21504K, reserved 1114112K
  class space    used 2635K, committed 2688K, reserved 1048576K
}
Event: 6.180 GC heap before
{Heap before GC invocations=6 (full 0):
 garbage-first heap   total 58368K, used 40695K [0x00000000c0000000, 0x0000000100000000)
  region size 1024K, 29 young (29696K), 2 survivors (2048K)
 Metaspace       used 27155K, committed 27392K, reserved 1114112K
  class space    used 3389K, committed 3520K, reserved 1048576K
}
Event: 6.191 GC heap after
{Heap after GC invocations=7 (full 0):
 garbage-first heap   total 58368K, used 16137K [0x00000000c0000000, 0x0000000100000000)
  region size 1024K, 4 young (4096K), 4 survivors (4096K)
 Metaspace       used 27155K, committed 27392K, reserved 1114112K
  class space    used 3389K, committed 3520K, reserved 1048576K
}
Event: 7.635 GC heap before
{Heap before GC invocations=7 (full 0):
 garbage-first heap   total 58368K, used 38665K [0x00000000c0000000, 0x0000000100000000)
  region size 1024K, 26 young (26624K), 4 survivors (4096K)
 Metaspace       used 30084K, committed 30464K, reserved 1114112K
  class space    used 3788K, committed 3968K, reserved 1048576K
}
Event: 7.658 GC heap after
{Heap after GC invocations=8 (full 0):
 garbage-first heap   total 58368K, used 18205K [0x00000000c0000000, 0x0000000100000000)
  region size 1024K, 3 young (3072K), 3 survivors (3072K)
 Metaspace       used 30084K, committed 30464K, reserved 1114112K
  class space    used 3788K, committed 3968K, reserved 1048576K
}
Event: 8.612 GC heap before
{Heap before GC invocations=8 (full 0):
 garbage-first heap   total 58368K, used 39709K [0x00000000c0000000, 0x0000000100000000)
  region size 1024K, 24 young (24576K), 3 survivors (3072K)
 Metaspace       used 32926K, committed 33280K, reserved 1114112K
  class space    used 4211K, committed 4352K, reserved 1048576K
}
Event: 8.629 GC heap after
{Heap after GC invocations=9 (full 0):
 garbage-first heap   total 58368K, used 20798K [0x00000000c0000000, 0x0000000100000000)
  region size 1024K, 3 young (3072K), 3 survivors (3072K)
 Metaspace       used 32926K, committed 33280K, reserved 1114112K
  class space    used 4211K, committed 4352K, reserved 1048576K
}
Event: 10.812 GC heap before
{Heap before GC invocations=9 (full 0):
 garbage-first heap   total 58368K, used 33086K [0x00000000c0000000, 0x0000000100000000)
  region size 1024K, 16 young (16384K), 3 survivors (3072K)
 Metaspace       used 35902K, committed 36288K, reserved 1114112K
  class space    used 4657K, committed 4864K, reserved 1048576K
}

