# JRE version: OpenJDK Runtime Environment Temurin-17.0.8.1+1 (17.0.8.1+1) (build 17.0.8.1+1)
# Java VM: OpenJDK 64-Bit Server VM Temurin-17.0.8.1+1 (17.0.8.1+1, mixed mode, tiered, compressed oops, compressed class ptrs, parallel gc, windows-amd64)
GC Precious Log:
 CPUs: 4 total, 4 available
 Memory: 4000M
 Large Page Support: Disabled
 NUMA Support: Disabled
 Compressed Oops: Enabled (32-bit)
 Alignments: Space 512K, Generation 512K, Heap 2M
 Heap Min Capacity: 100M
 Heap Initial Capacity: 100M
 Heap Max Capacity: 1G
 Pre-touch: Disabled
 Parallel Workers: 4
Heap:
 PSYoungGen      total 6144K, used 2973K [0x00000000eab00000, 0x00000000eb300000, 0x0000000100000000)
  eden space 4096K, 33% used [0x00000000eab00000,0x00000000eac53b28,0x00000000eaf00000)
  from space 2048K, 78% used [0x00000000eaf00000,0x00000000eb093b00,0x00000000eb100000)
  to   space 2048K, 0% used [0x00000000eb100000,0x00000000eb100000,0x00000000eb300000)
 ParOldGen       total 139264K, used 107284K [0x00000000c0000000, 0x00000000c8800000, 0x00000000eab00000)
  object space 139264K, 77% used [0x00000000c0000000,0x00000000c68c5128,0x00000000c8800000)
 Metaspace       used 78386K, committed 79744K, reserved 1179648K
  class space    used 8305K, committed 8896K, reserved 1048576K
GC Heap History (20 events):
Event: 755.939 GC heap before
{Heap before GC invocations=100 (full 7):
 PSYoungGen      total 6656K, used 6469K [0x00000000eab00000, 0x00000000eb300000, 0x0000000100000000)
  eden space 5120K, 100% used [0x00000000eab00000,0x00000000eb000000,0x00000000eb000000)
  from space 1536K, 87% used [0x00000000eb000000,0x00000000eb151660,0x00000000eb180000)
  to   space 1536K, 0% used [0x00000000eb180000,0x00000000eb180000,0x00000000eb300000)
 ParOldGen       total 139264K, used 106803K [0x00000000c0000000, 0x00000000c8800000, 0x00000000eab00000)
  object space 139264K, 76% used [0x00000000c0000000,0x00000000c684cc98,0x00000000c8800000)
 Metaspace       used 78173K, committed 79488K, reserved 1179648K
  class space    used 8304K, committed 8896K, reserved 1048576K
}
Event: 755.942 GC heap after
{Heap after GC invocations=100 (full 7):
 PSYoungGen      total 6656K, used 1253K [0x00000000eab00000, 0x00000000eb300000, 0x0000000100000000)
  eden space 5120K, 0% used [0x00000000eab00000,0x00000000eab00000,0x00000000eb000000)
  from space 1536K, 81% used [0x00000000eb180000,0x00000000eb2b9660,0x00000000eb300000)
  to   space 1536K, 0% used [0x00000000eb000000,0x00000000eb000000,0x00000000eb180000)
 ParOldGen       total 139264K, used 106803K [0x00000000c0000000, 0x00000000c8800000, 0x00000000eab00000)
  object space 139264K, 76% used [0x00000000c0000000,0x00000000c684cc98,0x00000000c8800000)
 Metaspace       used 78173K, committed 79488K, reserved 1179648K
  class space    used 8304K, committed 8896K, reserved 1048576K
}
Event: 756.018 GC heap before
{Heap before GC invocations=101 (full 7):
 PSYoungGen      total 6656K, used 6373K [0x00000000eab00000, 0x00000000eb300000, 0x0000000100000000)
  eden space 5120K, 100% used [0x00000000eab00000,0x00000000eb000000,0x00000000eb000000)
  from space 1536K, 81% used [0x00000000eb180000,0x00000000eb2b9660,0x00000000eb300000)
  to   space 1536K, 0% used [0x00000000eb000000,0x00000000eb000000,0x00000000eb180000)
 ParOldGen       total 139264K, used 106803K [0x00000000c0000000, 0x00000000c8800000, 0x00000000eab00000)
  object space 139264K, 76% used [0x00000000c0000000,0x00000000c684cc98,0x00000000c8800000)
 Metaspace       used 78191K, committed 79488K, reserved 1179648K
  class space    used 8304K, committed 8896K, reserved 1048576K
}
Event: 756.021 GC heap after
{Heap after GC invocations=101 (full 7):
 PSYoungGen      total 6656K, used 1093K [0x00000000eab00000, 0x00000000eb300000, 0x0000000100000000)
  eden space 5120K, 0% used [0x00000000eab00000,0x00000000eab00000,0x00000000eb000000)
  from space 1536K, 71% used [0x00000000eb000000,0x00000000eb111660,0x00000000eb180000)
  to   space 1536K, 0% used [0x00000000eb180000,0x00000000eb180000,0x00000000eb300000)
 ParOldGen       total 139264K, used 106803K [0x00000000c0000000, 0x00000000c8800000, 0x00000000eab00000)
  object space 139264K, 76% used [0x00000000c0000000,0x00000000c684cc98,0x00000000c8800000)
 Metaspace       used 78191K, committed 79488K, reserved 1179648K
  class space    used 8304K, committed 8896K, reserved 1048576K
}
Event: 757.637 GC heap before
{Heap before GC invocations=102 (full 7):
 PSYoungGen      total 6656K, used 6213K [0x00000000eab00000, 0x00000000eb300000, 0x0000000100000000)
  eden space 5120K, 100% used [0x00000000eab00000,0x00000000eb000000,0x00000000eb000000)
  from space 1536K, 71% used [0x00000000eb000000,0x00000000eb111660,0x00000000eb180000)
  to   space 1536K, 0% used [0x00000000eb180000,0x00000000eb180000,0x00000000eb300000)
 ParOldGen       total 139264K, used 106803K [0x00000000c0000000, 0x00000000c8800000, 0x00000000eab00000)
  object space 139264K, 76% used [0x00000000c0000000,0x00000000c684cc98,0x00000000c8800000)
 Metaspace       used 78224K, committed 79552K, reserved 1179648K
  class space    used 8304K, committed 8896K, reserved 1048576K
}
Event: 757.642 GC heap after
{Heap after GC invocations=102 (full 7):
 PSYoungGen      total 6656K, used 1029K [0x00000000eab00000, 0x00000000eb300000, 0x0000000100000000)
  eden space 5120K, 0% used [0x00000000eab00000,0x00000000eab00000,0x00000000eb000000)
  from space 1536K, 67% used [0x00000000eb180000,0x00000000eb281660,0x00000000eb300000)
  to   space 1536K, 0% used [0x00000000eb000000,0x00000000eb000000,0x00000000eb180000)
 ParOldGen       total 139264K, used 106803K [0x00000000c0000000, 0x00000000c8800000, 0x00000000eab00000)
  object space 139264K, 76% used [0x00000000c0000000,0x00000000c684cc98,0x00000000c8800000)
 Metaspace       used 78224K, committed 79552K, reserved 1179648K
  class space    used 8304K, committed 8896K, reserved 1048576K
}
Event: 757.715 GC heap before
{Heap before GC invocations=103 (full 7):
 PSYoungGen      total 6656K, used 6149K [0x00000000eab00000, 0x00000000eb300000, 0x0000000100000000)
  eden space 5120K, 100% used [0x00000000eab00000,0x00000000eb000000,0x00000000eb000000)
  from space 1536K, 67% used [0x00000000eb180000,0x00000000eb281660,0x00000000eb300000)
  to   space 1536K, 0% used [0x00000000eb000000,0x00000000eb000000,0x00000000eb180000)
 ParOldGen       total 139264K, used 106803K [0x00000000c0000000, 0x00000000c8800000, 0x00000000eab00000)
  object space 139264K, 76% used [0x00000000c0000000,0x00000000c684cc98,0x00000000c8800000)
 Metaspace       used 78232K, committed 79552K, reserved 1179648K
  class space    used 8304K, committed 8896K, reserved 1048576K
}
Event: 757.719 GC heap after
{Heap after GC invocations=103 (full 7):
 PSYoungGen      total 6144K, used 721K [0x00000000eab00000, 0x00000000eb200000, 0x0000000100000000)
  eden space 5120K, 0% used [0x00000000eab00000,0x00000000eab00000,0x00000000eb000000)
  from space 1024K, 70% used [0x00000000eb000000,0x00000000eb0b4460,0x00000000eb100000)
  to   space 1024K, 0% used [0x00000000eb100000,0x00000000eb100000,0x00000000eb200000)
 ParOldGen       total 139264K, used 106803K [0x00000000c0000000, 0x00000000c8800000, 0x00000000eab00000)
  object space 139264K, 76% used [0x00000000c0000000,0x00000000c684cc98,0x00000000c8800000)
 Metaspace       used 78232K, committed 79552K, reserved 1179648K
  class space    used 8304K, committed 8896K, reserved 1048576K
}
Event: 757.764 GC heap before
{Heap before GC invocations=104 (full 7):
 PSYoungGen      total 6144K, used 5841K [0x00000000eab00000, 0x00000000eb200000, 0x0000000100000000)
  eden space 5120K, 100% used [0x00000000eab00000,0x00000000eb000000,0x00000000eb000000)
  from space 1024K, 70% used [0x00000000eb000000,0x00000000eb0b4460,0x00000000eb100000)
  to   space 1024K, 0% used [0x00000000eb100000,0x00000000eb100000,0x00000000eb200000)
 ParOldGen       total 139264K, used 106803K [0x00000000c0000000, 0x00000000c8800000, 0x00000000eab00000)
  object space 139264K, 76% used [0x00000000c0000000,0x00000000c684cc98,0x00000000c8800000)
 Metaspace       used 78239K, committed 79552K, reserved 1179648K
  class space    used 8304K, committed 8896K, reserved 1048576K
}
Event: 757.769 GC heap after
{Heap after GC invocations=104 (full 7):
 PSYoungGen      total 5632K, used 997K [0x00000000eab00000, 0x00000000eb300000, 0x0000000100000000)
  eden space 4608K, 0% used [0x00000000eab00000,0x00000000eab00000,0x00000000eaf80000)
  from space 1024K, 97% used [0x00000000eb100000,0x00000000eb1f9660,0x00000000eb200000)
  to   space 1536K, 0% used [0x00000000eaf80000,0x00000000eaf80000,0x00000000eb100000)
 ParOldGen       total 139264K, used 107059K [0x00000000c0000000, 0x00000000c8800000, 0x00000000eab00000)
  object space 139264K, 76% used [0x00000000c0000000,0x00000000c688cc98,0x00000000c8800000)
 Metaspace       used 78239K, committed 79552K, reserved 1179648K
  class space    used 8304K, committed 8896K, reserved 1048576K
}
Event: 1383.509 GC heap before
{Heap before GC invocations=105 (full 7):
 PSYoungGen      total 5632K, used 5588K [0x00000000eab00000, 0x00000000eb300000, 0x0000000100000000)
  eden space 4608K, 99% used [0x00000000eab00000,0x00000000eaf7b9b8,0x00000000eaf80000)
  from space 1024K, 97% used [0x00000000eb100000,0x00000000eb1f9660,0x00000000eb200000)
  to   space 1536K, 0% used [0x00000000eaf80000,0x00000000eaf80000,0x00000000eb100000)
 ParOldGen       total 139264K, used 107059K [0x00000000c0000000, 0x00000000c8800000, 0x00000000eab00000)
  object space 139264K, 76% used [0x00000000c0000000,0x00000000c688cc98,0x00000000c8800000)
 Metaspace       used 78327K, committed 79680K, reserved 1179648K
  class space    used 8305K, committed 8896K, reserved 1048576K
}
Event: 1383.578 GC heap after
{Heap after GC invocations=105 (full 7):
 PSYoungGen      total 6144K, used 1151K [0x00000000eab00000, 0x00000000eb280000, 0x0000000100000000)
  eden space 4608K, 0% used [0x00000000eab00000,0x00000000eab00000,0x00000000eaf80000)
  from space 1536K, 74% used [0x00000000eaf80000,0x00000000eb09ff60,0x00000000eb100000)
  to   space 1536K, 0% used [0x00000000eb100000,0x00000000eb100000,0x00000000eb280000)
 ParOldGen       total 139264K, used 107123K [0x00000000c0000000, 0x00000000c8800000, 0x00000000eab00000)
  object space 139264K, 76% used [0x00000000c0000000,0x00000000c689cca8,0x00000000c8800000)
 Metaspace       used 78327K, committed 79680K, reserved 1179648K
  class space    used 8305K, committed 8896K, reserved 1048576K
}
Event: 1383.679 GC heap before
{Heap before GC invocations=106 (full 7):
 PSYoungGen      total 6144K, used 5759K [0x00000000eab00000, 0x00000000eb280000, 0x0000000100000000)
  eden space 4608K, 100% used [0x00000000eab00000,0x00000000eaf80000,0x00000000eaf80000)
  from space 1536K, 74% used [0x00000000eaf80000,0x00000000eb09ff60,0x00000000eb100000)
  to   space 1536K, 0% used [0x00000000eb100000,0x00000000eb100000,0x00000000eb280000)
 ParOldGen       total 139264K, used 107123K [0x00000000c0000000, 0x00000000c8800000, 0x00000000eab00000)
  object space 139264K, 76% used [0x00000000c0000000,0x00000000c689cca8,0x00000000c8800000)
 Metaspace       used 78332K, committed 79680K, reserved 1179648K
  class space    used 8305K, committed 8896K, reserved 1048576K
}
Event: 1383.684 GC heap after
{Heap after GC invocations=106 (full 7):
 PSYoungGen      total 5632K, used 1530K [0x00000000eab00000, 0x00000000eb380000, 0x0000000100000000)
  eden space 4096K, 0% used [0x00000000eab00000,0x00000000eab00000,0x00000000eaf00000)
  from space 1536K, 99% used [0x00000000eb100000,0x00000000eb27e860,0x00000000eb280000)
  to   space 2048K, 0% used [0x00000000eaf00000,0x00000000eaf00000,0x00000000eb100000)
 ParOldGen       total 139264K, used 107163K [0x00000000c0000000, 0x00000000c8800000, 0x00000000eab00000)
  object space 139264K, 76% used [0x00000000c0000000,0x00000000c68a6ca8,0x00000000c8800000)
 Metaspace       used 78332K, committed 79680K, reserved 1179648K
  class space    used 8305K, committed 8896K, reserved 1048576K
}
Event: 1387.149 GC heap before
{Heap before GC invocations=107 (full 7):
 PSYoungGen      total 5632K, used 5626K [0x00000000eab00000, 0x00000000eb380000, 0x0000000100000000)
  eden space 4096K, 100% used [0x00000000eab00000,0x00000000eaf00000,0x00000000eaf00000)
  from space 1536K, 99% used [0x00000000eb100000,0x00000000eb27e860,0x00000000eb280000)
  to   space 2048K, 0% used [0x00000000eaf00000,0x00000000eaf00000,0x00000000eb100000)
 ParOldGen       total 139264K, used 107163K [0x00000000c0000000, 0x00000000c8800000, 0x00000000eab00000)
  object space 139264K, 76% used [0x00000000c0000000,0x00000000c68a6ca8,0x00000000c8800000)
 Metaspace       used 78366K, committed 79744K, reserved 1179648K
  class space    used 8305K, committed 8896K, reserved 1048576K
}
Event: 1387.154 GC heap after
{Heap after GC invocations=107 (full 7):
 PSYoungGen      total 6144K, used 1758K [0x00000000eab00000, 0x00000000eb300000, 0x0000000100000000)
  eden space 4096K, 0% used [0x00000000eab00000,0x00000000eab00000,0x00000000eaf00000)
  from space 2048K, 85% used [0x00000000eaf00000,0x00000000eb0b7b10,0x00000000eb100000)
  to   space 2048K, 0% used [0x00000000eb100000,0x00000000eb100000,0x00000000eb300000)
 ParOldGen       total 139264K, used 107260K [0x00000000c0000000, 0x00000000c8800000, 0x00000000eab00000)
  object space 139264K, 77% used [0x00000000c0000000,0x00000000c68bf128,0x00000000c8800000)
 Metaspace       used 78366K, committed 79744K, reserved 1179648K
  class space    used 8305K, committed 8896K, reserved 1048576K
}
Event: 1387.283 GC heap before
{Heap before GC invocations=108 (full 7):
 PSYoungGen      total 6144K, used 5854K [0x00000000eab00000, 0x00000000eb300000, 0x0000000100000000)
  eden space 4096K, 100% used [0x00000000eab00000,0x00000000eaf00000,0x00000000eaf00000)
  from space 2048K, 85% used [0x00000000eaf00000,0x00000000eb0b7b10,0x00000000eb100000)
  to   space 2048K, 0% used [0x00000000eb100000,0x00000000eb100000,0x00000000eb300000)
 ParOldGen       total 139264K, used 107260K [0x00000000c0000000, 0x00000000c8800000, 0x00000000eab00000)
  object space 139264K, 77% used [0x00000000c0000000,0x00000000c68bf128,0x00000000c8800000)
 Metaspace       used 78366K, committed 79744K, reserved 1179648K
  class space    used 8305K, committed 8896K, reserved 1048576K
}
Event: 1387.287 GC heap after
{Heap after GC invocations=108 (full 7):
 PSYoungGen      total 6144K, used 1753K [0x00000000eab00000, 0x00000000eb300000, 0x0000000100000000)
  eden space 4096K, 0% used [0x00000000eab00000,0x00000000eab00000,0x00000000eaf00000)
  from space 2048K, 85% used [0x00000000eb100000,0x00000000eb2b6410,0x00000000eb300000)
  to   space 2048K, 0% used [0x00000000eaf00000,0x00000000eaf00000,0x00000000eb100000)
 ParOldGen       total 139264K, used 107260K [0x00000000c0000000, 0x00000000c8800000, 0x00000000eab00000)
  object space 139264K, 77% used [0x00000000c0000000,0x00000000c68bf128,0x00000000c8800000)
 Metaspace       used 78366K, committed 79744K, reserved 1179648K
  class space    used 8305K, committed 8896K, reserved 1048576K
}
Event: 1387.734 GC heap before
{Heap before GC invocations=109 (full 7):
 PSYoungGen      total 6144K, used 5848K [0x00000000eab00000, 0x00000000eb300000, 0x0000000100000000)
  eden space 4096K, 99% used [0x00000000eab00000,0x00000000eaefff40,0x00000000eaf00000)
  from space 2048K, 85% used [0x00000000eb100000,0x00000000eb2b6410,0x00000000eb300000)
  to   space 2048K, 0% used [0x00000000eaf00000,0x00000000eaf00000,0x00000000eb100000)
 ParOldGen       total 139264K, used 107260K [0x00000000c0000000, 0x00000000c8800000, 0x00000000eab00000)
  object space 139264K, 77% used [0x00000000c0000000,0x00000000c68bf128,0x00000000c8800000)
 Metaspace       used 78371K, committed 79744K, reserved 1179648K
  class space    used 8305K, committed 8896K, reserved 1048576K
}
Event: 1387.738 GC heap after
{Heap after GC invocations=109 (full 7):
 PSYoungGen      total 6144K, used 1614K [0x00000000eab00000, 0x00000000eb300000, 0x0000000100000000)
  eden space 4096K, 0% used [0x00000000eab00000,0x00000000eab00000,0x00000000eaf00000)
  from space 2048K, 78% used [0x00000000eaf00000,0x00000000eb093b00,0x00000000eb100000)
  to   space 2048K, 0% used [0x00000000eb100000,0x00000000eb100000,0x00000000eb300000)
 ParOldGen       total 139264K, used 107284K [0x00000000c0000000, 0x00000000c8800000, 0x00000000eab00000)
  object space 139264K, 77% used [0x00000000c0000000,0x00000000c68c5128,0x00000000c8800000)
 Metaspace       used 78371K, committed 79744K, reserved 1179648K
  class space    used 8305K, committed 8896K, reserved 1048576K
}

