# JRE version: OpenJDK Runtime Environment Temurin-17.0.8.1+1 (17.0.8.1+1) (build 17.0.8.1+1)
# Java VM: OpenJDK 64-Bit Server VM Temurin-17.0.8.1+1 (17.0.8.1+1, mixed mode, emulated-client, tiered, compressed oops, compressed class ptrs, g1 gc, windows-amd64)
GC Precious Log:
 CPUs: 4 total, 4 available
 Memory: 4000M
 Large Page Support: Disabled
 NUMA Support: Disabled
 Compressed Oops: Enabled (32-bit)
 Heap Region Size: 1M
 Heap Min Capacity: 8M
 Heap Initial Capacity: 64M
 Heap Max Capacity: 1G
 Pre-touch: Disabled
 Parallel Workers: 4
 Concurrent Workers: 1
 Concurrent Refinement Workers: 4
 Periodic GC: Disabled
Heap:
 garbage-first heap   total 84992K, used 24775K [0x00000000c0000000, 0x0000000100000000)
  region size 1024K, 1 young (1024K), 0 survivors (0K)
 Metaspace       used 58485K, committed 59072K, reserved 1114112K
  class space    used 7555K, committed 7808K, reserved 1048576K
GC Heap History (20 events):
Event: 26702.007 GC heap before
{Heap before GC invocations=1181 (full 907):
 garbage-first heap   total 84992K, used 24775K [0x00000000c0000000, 0x0000000100000000)
  region size 1024K, 1 young (1024K), 0 survivors (0K)
 Metaspace       used 58485K, committed 59072K, reserved 1114112K
  class space    used 7555K, committed 7808K, reserved 1048576K
}
Event: 26702.118 GC heap after
{Heap after GC invocations=1182 (full 908):
 garbage-first heap   total 84992K, used 24775K [0x00000000c0000000, 0x0000000100000000)
  region size 1024K, 0 young (0K), 0 survivors (0K)
 Metaspace       used 58485K, committed 59072K, reserved 1114112K
  class space    used 7555K, committed 7808K, reserved 1048576K
}
Event: 26712.346 GC heap before
{Heap before GC invocations=1182 (full 908):
 garbage-first heap   total 84992K, used 24775K [0x00000000c0000000, 0x0000000100000000)
  region size 1024K, 1 young (1024K), 0 survivors (0K)
 Metaspace       used 58485K, committed 59072K, reserved 1114112K
  class space    used 7555K, committed 7808K, reserved 1048576K
}
Event: 26712.434 GC heap after
{Heap after GC invocations=1183 (full 909):
 garbage-first heap   total 84992K, used 24775K [0x00000000c0000000, 0x0000000100000000)
  region size 1024K, 0 young (0K), 0 survivors (0K)
 Metaspace       used 58485K, committed 59072K, reserved 1114112K
  class space    used 7555K, committed 7808K, reserved 1048576K
}
Event: 26723.126 GC heap before
{Heap before GC invocations=1183 (full 909):
 garbage-first heap   total 84992K, used 24775K [0x00000000c0000000, 0x0000000100000000)
  region size 1024K, 1 young (1024K), 0 survivors (0K)
 Metaspace       used 58485K, committed 59072K, reserved 1114112K
  class space    used 7555K, committed 7808K, reserved 1048576K
}
Event: 26723.260 GC heap after
{Heap after GC invocations=1184 (full 910):
 garbage-first heap   total 84992K, used 24775K [0x00000000c0000000, 0x0000000100000000)
  region size 1024K, 0 young (0K), 0 survivors (0K)
 Metaspace       used 58485K, committed 59072K, reserved 1114112K
  class space    used 7555K, committed 7808K, reserved 1048576K
}
Event: 26733.831 GC heap before
{Heap before GC invocations=1184 (full 910):
 garbage-first heap   total 84992K, used 24775K [0x00000000c0000000, 0x0000000100000000)
  region size 1024K, 1 young (1024K), 0 survivors (0K)
 Metaspace       used 58485K, committed 59072K, reserved 1114112K
  class space    used 7555K, committed 7808K, reserved 1048576K
}
Event: 26733.961 GC heap after
{Heap after GC invocations=1185 (full 911):
 garbage-first heap   total 84992K, used 24775K [0x00000000c0000000, 0x0000000100000000)
  region size 1024K, 0 young (0K), 0 survivors (0K)
 Metaspace       used 58485K, committed 59072K, reserved 1114112K
  class space    used 7555K, committed 7808K, reserved 1048576K
}
Event: 26744.189 GC heap before
{Heap before GC invocations=1185 (full 911):
 garbage-first heap   total 84992K, used 24775K [0x00000000c0000000, 0x0000000100000000)
  region size 1024K, 1 young (1024K), 0 survivors (0K)
 Metaspace       used 58485K, committed 59072K, reserved 1114112K
  class space    used 7555K, committed 7808K, reserved 1048576K
}
Event: 26744.270 GC heap after
{Heap after GC invocations=1186 (full 912):
 garbage-first heap   total 84992K, used 24775K [0x00000000c0000000, 0x0000000100000000)
  region size 1024K, 0 young (0K), 0 survivors (0K)
 Metaspace       used 58485K, committed 59072K, reserved 1114112K
  class space    used 7555K, committed 7808K, reserved 1048576K
}
Event: 26754.636 GC heap before
{Heap before GC invocations=1186 (full 912):
 garbage-first heap   total 84992K, used 24775K [0x00000000c0000000, 0x0000000100000000)
  region size 1024K, 1 young (1024K), 0 survivors (0K)
 Metaspace       used 58485K, committed 59072K, reserved 1114112K
  class space    used 7555K, committed 7808K, reserved 1048576K
}
Event: 26754.752 GC heap after
{Heap after GC invocations=1187 (full 913):
 garbage-first heap   total 84992K, used 24775K [0x00000000c0000000, 0x0000000100000000)
  region size 1024K, 0 young (0K), 0 survivors (0K)
 Metaspace       used 58485K, committed 59072K, reserved 1114112K
  class space    used 7555K, committed 7808K, reserved 1048576K
}
Event: 26766.764 GC heap before
{Heap before GC invocations=1187 (full 913):
 garbage-first heap   total 84992K, used 24775K [0x00000000c0000000, 0x0000000100000000)
  region size 1024K, 1 young (1024K), 0 survivors (0K)
 Metaspace       used 58485K, committed 59072K, reserved 1114112K
  class space    used 7555K, committed 7808K, reserved 1048576K
}
Event: 26766.877 GC heap after
{Heap after GC invocations=1188 (full 914):
 garbage-first heap   total 84992K, used 24775K [0x00000000c0000000, 0x0000000100000000)
  region size 1024K, 0 young (0K), 0 survivors (0K)
 Metaspace       used 58485K, committed 59072K, reserved 1114112K
  class space    used 7555K, committed 7808K, reserved 1048576K
}
Event: 26777.106 GC heap before
{Heap before GC invocations=1188 (full 914):
 garbage-first heap   total 84992K, used 24775K [0x00000000c0000000, 0x0000000100000000)
  region size 1024K, 1 young (1024K), 0 survivors (0K)
 Metaspace       used 58485K, committed 59072K, reserved 1114112K
  class space    used 7555K, committed 7808K, reserved 1048576K
}
Event: 26777.190 GC heap after
{Heap after GC invocations=1189 (full 915):
 garbage-first heap   total 84992K, used 24775K [0x00000000c0000000, 0x0000000100000000)
  region size 1024K, 0 young (0K), 0 survivors (0K)
 Metaspace       used 58485K, committed 59072K, reserved 1114112K
  class space    used 7555K, committed 7808K, reserved 1048576K
}
Event: 26787.469 GC heap before
{Heap before GC invocations=1189 (full 915):
 garbage-first heap   total 84992K, used 24775K [0x00000000c0000000, 0x0000000100000000)
  region size 1024K, 1 young (1024K), 0 survivors (0K)
 Metaspace       used 58485K, committed 59072K, reserved 1114112K
  class space    used 7555K, committed 7808K, reserved 1048576K
}
Event: 26787.576 GC heap after
{Heap after GC invocations=1190 (full 916):
 garbage-first heap   total 84992K, used 24775K [0x00000000c0000000, 0x0000000100000000)
  region size 1024K, 0 young (0K), 0 survivors (0K)
 Metaspace       used 58485K, committed 59072K, reserved 1114112K
  class space    used 7555K, committed 7808K, reserved 1048576K
}
Event: 26797.937 GC heap before
{Heap before GC invocations=1190 (full 916):
 garbage-first heap   total 84992K, used 24775K [0x00000000c0000000, 0x0000000100000000)
  region size 1024K, 1 young (1024K), 0 survivors (0K)
 Metaspace       used 58485K, committed 59072K, reserved 1114112K
  class space    used 7555K, committed 7808K, reserved 1048576K
}
Event: 26798.077 GC heap after
{Heap after GC invocations=1191 (full 917):
 garbage-first heap   total 84992K, used 24775K [0x00000000c0000000, 0x0000000100000000)
  region size 1024K, 0 young (0K), 0 survivors (0K)
 Metaspace       used 58485K, committed 59072K, reserved 1114112K
  class space    used 7555K, committed 7808K, reserved 1048576K
}

