# JRE version: OpenJDK Runtime Environment Zulu17.42+19-CA (17.0.7+7) (build 17.0.7+7-LTS)
# Java VM: OpenJDK 64-Bit Server VM Zulu17.42+19-CA (17.0.7+7-LTS, mixed mode, sharing, tiered, compressed oops, compressed class ptrs, g1 gc, windows-amd64)
GC Precious Log:
 CPUs: 4 total, 4 available
 Memory: 4000M
 Large Page Support: Disabled
 NUMA Support: Disabled
 Compressed Oops: Enabled (32-bit)
 Heap Region Size: 1M
 Heap Min Capacity: 8M
 Heap Initial Capacity: 64M
 Heap Max Capacity: 1002M
 Pre-touch: Disabled
 Parallel Workers: 4
 Concurrent Workers: 1
 Concurrent Refinement Workers: 4
 Periodic GC: Disabled
Heap:
 garbage-first heap   total 135168K, used 76000K [0x00000000c1600000, 0x0000000100000000)
  region size 1024K, 9 young (9216K), 6 survivors (6144K)
 Metaspace       used 73288K, committed 74368K, reserved 1114112K
  class space    used 9315K, committed 9792K, reserved 1048576K
GC Heap History (20 events):
Event: 375.499 GC heap before
{Heap before GC invocations=84 (full 11):
 garbage-first heap   total 112640K, used 90222K [0x00000000c1600000, 0x0000000100000000)
  region size 1024K, 37 young (37888K), 0 survivors (0K)
 Metaspace       used 71418K, committed 72192K, reserved 1114112K
  class space    used 9123K, committed 9472K, reserved 1048576K
}
Event: 375.507 GC heap after
{Heap after GC invocations=85 (full 11):
 garbage-first heap   total 112640K, used 55779K [0x00000000c1600000, 0x0000000100000000)
  region size 1024K, 4 young (4096K), 4 survivors (4096K)
 Metaspace       used 71418K, committed 72192K, reserved 1114112K
  class space    used 9123K, committed 9472K, reserved 1048576K
}
Event: 378.761 GC heap before
{Heap before GC invocations=86 (full 11):
 garbage-first heap   total 112640K, used 89571K [0x00000000c1600000, 0x0000000100000000)
  region size 1024K, 38 young (38912K), 4 survivors (4096K)
 Metaspace       used 71629K, committed 72384K, reserved 1114112K
  class space    used 9140K, committed 9472K, reserved 1048576K
}
Event: 378.771 GC heap after
{Heap after GC invocations=87 (full 11):
 garbage-first heap   total 112640K, used 57849K [0x00000000c1600000, 0x0000000100000000)
  region size 1024K, 3 young (3072K), 3 survivors (3072K)
 Metaspace       used 71629K, committed 72384K, reserved 1114112K
  class space    used 9140K, committed 9472K, reserved 1048576K
}
Event: 379.690 GC heap before
{Heap before GC invocations=87 (full 11):
 garbage-first heap   total 112640K, used 90617K [0x00000000c1600000, 0x0000000100000000)
  region size 1024K, 36 young (36864K), 3 survivors (3072K)
 Metaspace       used 71730K, committed 72512K, reserved 1114112K
  class space    used 9146K, committed 9472K, reserved 1048576K
}
Event: 379.700 GC heap after
{Heap after GC invocations=88 (full 11):
 garbage-first heap   total 112640K, used 60069K [0x00000000c1600000, 0x0000000100000000)
  region size 1024K, 3 young (3072K), 3 survivors (3072K)
 Metaspace       used 71730K, committed 72512K, reserved 1114112K
  class space    used 9146K, committed 9472K, reserved 1048576K
}
Event: 389.811 GC heap before
{Heap before GC invocations=89 (full 11):
 garbage-first heap   total 112640K, used 90789K [0x00000000c1600000, 0x0000000100000000)
  region size 1024K, 34 young (34816K), 3 survivors (3072K)
 Metaspace       used 71930K, committed 72768K, reserved 1114112K
  class space    used 9176K, committed 9536K, reserved 1048576K
}
Event: 389.822 GC heap after
{Heap after GC invocations=90 (full 11):
 garbage-first heap   total 112640K, used 61519K [0x00000000c1600000, 0x0000000100000000)
  region size 1024K, 3 young (3072K), 3 survivors (3072K)
 Metaspace       used 71930K, committed 72768K, reserved 1114112K
  class space    used 9176K, committed 9536K, reserved 1048576K
}
Event: 395.517 GC heap before
{Heap before GC invocations=90 (full 11):
 garbage-first heap   total 112640K, used 91215K [0x00000000c1600000, 0x0000000100000000)
  region size 1024K, 32 young (32768K), 3 survivors (3072K)
 Metaspace       used 72109K, committed 73024K, reserved 1114112K
  class space    used 9191K, committed 9600K, reserved 1048576K
}
Event: 395.527 GC heap after
{Heap after GC invocations=91 (full 11):
 garbage-first heap   total 112640K, used 62991K [0x00000000c1600000, 0x0000000100000000)
  region size 1024K, 2 young (2048K), 2 survivors (2048K)
 Metaspace       used 72109K, committed 73024K, reserved 1114112K
  class space    used 9191K, committed 9600K, reserved 1048576K
}
Event: 396.623 GC heap before
{Heap before GC invocations=92 (full 11):
 garbage-first heap   total 130048K, used 90639K [0x00000000c1600000, 0x0000000100000000)
  region size 1024K, 29 young (29696K), 2 survivors (2048K)
 Metaspace       used 72143K, committed 73024K, reserved 1114112K
  class space    used 9195K, committed 9600K, reserved 1048576K
}
Event: 396.632 GC heap after
{Heap after GC invocations=93 (full 11):
 garbage-first heap   total 130048K, used 64711K [0x00000000c1600000, 0x0000000100000000)
  region size 1024K, 4 young (4096K), 4 survivors (4096K)
 Metaspace       used 72143K, committed 73024K, reserved 1114112K
  class space    used 9195K, committed 9600K, reserved 1048576K
}
Event: 402.868 GC heap before
{Heap before GC invocations=93 (full 11):
 garbage-first heap   total 130048K, used 105671K [0x00000000c1600000, 0x0000000100000000)
  region size 1024K, 44 young (45056K), 4 survivors (4096K)
 Metaspace       used 72724K, committed 73728K, reserved 1114112K
  class space    used 9283K, committed 9728K, reserved 1048576K
}
Event: 402.882 GC heap after
{Heap after GC invocations=94 (full 11):
 garbage-first heap   total 130048K, used 67483K [0x00000000c1600000, 0x0000000100000000)
  region size 1024K, 6 young (6144K), 6 survivors (6144K)
 Metaspace       used 72724K, committed 73728K, reserved 1114112K
  class space    used 9283K, committed 9728K, reserved 1048576K
}
Event: 419.778 GC heap before
{Heap before GC invocations=95 (full 11):
 garbage-first heap   total 135168K, used 105371K [0x00000000c1600000, 0x0000000100000000)
  region size 1024K, 43 young (44032K), 6 survivors (6144K)
 Metaspace       used 72849K, committed 73920K, reserved 1114112K
  class space    used 9291K, committed 9792K, reserved 1048576K
}
Event: 419.792 GC heap after
{Heap after GC invocations=96 (full 11):
 garbage-first heap   total 135168K, used 68000K [0x00000000c1600000, 0x0000000100000000)
  region size 1024K, 2 young (2048K), 2 survivors (2048K)
 Metaspace       used 72849K, committed 73920K, reserved 1114112K
  class space    used 9291K, committed 9792K, reserved 1048576K
}
Event: 424.610 GC heap before
{Heap before GC invocations=96 (full 11):
 garbage-first heap   total 135168K, used 109984K [0x00000000c1600000, 0x0000000100000000)
  region size 1024K, 43 young (44032K), 2 survivors (2048K)
 Metaspace       used 72908K, committed 73984K, reserved 1114112K
  class space    used 9295K, committed 9792K, reserved 1048576K
}
Event: 424.626 GC heap after
{Heap after GC invocations=97 (full 11):
 garbage-first heap   total 135168K, used 70918K [0x00000000c1600000, 0x0000000100000000)
  region size 1024K, 5 young (5120K), 5 survivors (5120K)
 Metaspace       used 72908K, committed 73984K, reserved 1114112K
  class space    used 9295K, committed 9792K, reserved 1048576K
}
Event: 429.569 GC heap before
{Heap before GC invocations=98 (full 11):
 garbage-first heap   total 135168K, used 110854K [0x00000000c1600000, 0x0000000100000000)
  region size 1024K, 44 young (45056K), 5 survivors (5120K)
 Metaspace       used 73272K, committed 74304K, reserved 1114112K
  class space    used 9315K, committed 9792K, reserved 1048576K
}
Event: 429.587 GC heap after
{Heap after GC invocations=99 (full 11):
 garbage-first heap   total 135168K, used 73952K [0x00000000c1600000, 0x0000000100000000)
  region size 1024K, 6 young (6144K), 6 survivors (6144K)
 Metaspace       used 73272K, committed 74304K, reserved 1114112K
  class space    used 9315K, committed 9792K, reserved 1048576K
}

